18-Jan-2022 23:07:23.172 INFO [main] org.apache.catalina.startup.VersionLoggerListener.log Server version name:   Apache Tomcat/9.0.56
18-Jan-2022 23:07:23.178 INFO [main] org.apache.catalina.startup.VersionLoggerListener.log Server built:          Dec 2 2021 14:30:07 UTC
18-Jan-2022 23:07:23.178 INFO [main] org.apache.catalina.startup.VersionLoggerListener.log Server version number: 9.0.56.0
18-Jan-2022 23:07:23.178 INFO [main] org.apache.catalina.startup.VersionLoggerListener.log OS Name:               Windows 10
18-Jan-2022 23:07:23.178 INFO [main] org.apache.catalina.startup.VersionLoggerListener.log OS Version:            10.0
18-Jan-2022 23:07:23.178 INFO [main] org.apache.catalina.startup.VersionLoggerListener.log Architecture:          amd64
18-Jan-2022 23:07:23.178 INFO [main] org.apache.catalina.startup.VersionLoggerListener.log Java Home:             C:\Program Files\Java\jdk-17.0.1
18-Jan-2022 23:07:23.178 INFO [main] org.apache.catalina.startup.VersionLoggerListener.log JVM Version:           17.0.1+12-LTS-39
18-Jan-2022 23:07:23.178 INFO [main] org.apache.catalina.startup.VersionLoggerListener.log JVM Vendor:            Oracle Corporation
18-Jan-2022 23:07:23.179 INFO [main] org.apache.catalina.startup.VersionLoggerListener.log CATALINA_BASE:         D:\Learning_journy\java\Advanced_java\Adv-Learning_programs\apache-tomcat-9.0.56
18-Jan-2022 23:07:23.179 INFO [main] org.apache.catalina.startup.VersionLoggerListener.log CATALINA_HOME:         D:\Learning_journy\java\Advanced_java\Adv-Learning_programs\apache-tomcat-9.0.56
18-Jan-2022 23:07:23.185 INFO [main] org.apache.catalina.startup.VersionLoggerListener.log Command line argument: --add-opens=java.base/java.lang=ALL-UNNAMED
18-Jan-2022 23:07:23.185 INFO [main] org.apache.catalina.startup.VersionLoggerListener.log Command line argument: --add-opens=java.base/java.io=ALL-UNNAMED
18-Jan-2022 23:07:23.185 INFO [main] org.apache.catalina.startup.VersionLoggerListener.log Command line argument: --add-opens=java.base/java.util=ALL-UNNAMED
18-Jan-2022 23:07:23.185 INFO [main] org.apache.catalina.startup.VersionLoggerListener.log Command line argument: --add-opens=java.base/java.util.concurrent=ALL-UNNAMED
18-Jan-2022 23:07:23.185 INFO [main] org.apache.catalina.startup.VersionLoggerListener.log Command line argument: --add-opens=java.rmi/sun.rmi.transport=ALL-UNNAMED
18-Jan-2022 23:07:23.185 INFO [main] org.apache.catalina.startup.VersionLoggerListener.log Command line argument: -Djava.util.logging.config.file=D:\Learning_journy\java\Advanced_java\Adv-Learning_programs\apache-tomcat-9.0.56\conf\logging.properties
18-Jan-2022 23:07:23.185 INFO [main] org.apache.catalina.startup.VersionLoggerListener.log Command line argument: -Djava.util.logging.manager=org.apache.juli.ClassLoaderLogManager
18-Jan-2022 23:07:23.185 INFO [main] org.apache.catalina.startup.VersionLoggerListener.log Command line argument: -Djdk.tls.ephemeralDHKeySize=2048
18-Jan-2022 23:07:23.185 INFO [main] org.apache.catalina.startup.VersionLoggerListener.log Command line argument: -Djava.protocol.handler.pkgs=org.apache.catalina.webresources
18-Jan-2022 23:07:23.185 INFO [main] org.apache.catalina.startup.VersionLoggerListener.log Command line argument: -Dignore.endorsed.dirs=
18-Jan-2022 23:07:23.185 INFO [main] org.apache.catalina.startup.VersionLoggerListener.log Command line argument: -Dcatalina.base=D:\Learning_journy\java\Advanced_java\Adv-Learning_programs\apache-tomcat-9.0.56
18-Jan-2022 23:07:23.185 INFO [main] org.apache.catalina.startup.VersionLoggerListener.log Command line argument: -Dcatalina.home=D:\Learning_journy\java\Advanced_java\Adv-Learning_programs\apache-tomcat-9.0.56
18-Jan-2022 23:07:23.185 INFO [main] org.apache.catalina.startup.VersionLoggerListener.log Command line argument: -Djava.io.tmpdir=D:\Learning_journy\java\Advanced_java\Adv-Learning_programs\apache-tomcat-9.0.56\temp
18-Jan-2022 23:07:23.208 INFO [main] org.apache.catalina.core.AprLifecycleListener.lifecycleEvent Loaded Apache Tomcat Native library [1.2.31] using APR version [1.7.0].
18-Jan-2022 23:07:23.208 INFO [main] org.apache.catalina.core.AprLifecycleListener.lifecycleEvent APR capabilities: IPv6 [true], sendfile [true], accept filters [false], random [true], UDS [true].
18-Jan-2022 23:07:23.208 INFO [main] org.apache.catalina.core.AprLifecycleListener.lifecycleEvent APR/OpenSSL configuration: useAprConnector [false], useOpenSSL [true]
18-Jan-2022 23:07:23.212 INFO [main] org.apache.catalina.core.AprLifecycleListener.initializeSSL OpenSSL successfully initialized [OpenSSL 1.1.1l  24 Aug 2021]
18-Jan-2022 23:07:23.484 INFO [main] org.apache.coyote.AbstractProtocol.init Initializing ProtocolHandler ["http-nio-8080"]
18-Jan-2022 23:07:23.520 INFO [main] org.apache.catalina.startup.Catalina.load Server initialization in [490] milliseconds
18-Jan-2022 23:07:23.552 INFO [main] org.apache.catalina.core.StandardService.startInternal Starting service [Catalina]
18-Jan-2022 23:07:23.552 INFO [main] org.apache.catalina.core.StandardEngine.startInternal Starting Servlet engine: [Apache Tomcat/9.0.56]
18-Jan-2022 23:07:23.568 INFO [main] org.apache.catalina.startup.HostConfig.deployDirectory Deploying web application directory [D:\Learning_journy\java\Advanced_java\Adv-Learning_programs\apache-tomcat-9.0.56\webapps\docs]
18-Jan-2022 23:07:23.819 INFO [main] org.apache.catalina.startup.HostConfig.deployDirectory Deployment of web application directory [D:\Learning_journy\java\Advanced_java\Adv-Learning_programs\apache-tomcat-9.0.56\webapps\docs] has finished in [247] ms
18-Jan-2022 23:07:23.819 INFO [main] org.apache.catalina.startup.HostConfig.deployDirectory Deploying web application directory [D:\Learning_journy\java\Advanced_java\Adv-Learning_programs\apache-tomcat-9.0.56\webapps\examples]
18-Jan-2022 23:07:24.281 INFO [main] org.apache.catalina.startup.HostConfig.deployDirectory Deployment of web application directory [D:\Learning_journy\java\Advanced_java\Adv-Learning_programs\apache-tomcat-9.0.56\webapps\examples] has finished in [462] ms
18-Jan-2022 23:07:24.281 INFO [main] org.apache.catalina.startup.HostConfig.deployDirectory Deploying web application directory [D:\Learning_journy\java\Advanced_java\Adv-Learning_programs\apache-tomcat-9.0.56\webapps\Hello]
18-Jan-2022 23:07:24.312 INFO [main] org.apache.catalina.startup.HostConfig.deployDirectory Deployment of web application directory [D:\Learning_journy\java\Advanced_java\Adv-Learning_programs\apache-tomcat-9.0.56\webapps\Hello] has finished in [31] ms
18-Jan-2022 23:07:24.312 INFO [main] org.apache.catalina.startup.HostConfig.deployDirectory Deploying web application directory [D:\Learning_journy\java\Advanced_java\Adv-Learning_programs\apache-tomcat-9.0.56\webapps\Hellojsp]
18-Jan-2022 23:07:24.345 INFO [main] org.apache.catalina.startup.HostConfig.deployDirectory Deployment of web application directory [D:\Learning_journy\java\Advanced_java\Adv-Learning_programs\apache-tomcat-9.0.56\webapps\Hellojsp] has finished in [33] ms
18-Jan-2022 23:07:24.345 INFO [main] org.apache.catalina.startup.HostConfig.deployDirectory Deploying web application directory [D:\Learning_journy\java\Advanced_java\Adv-Learning_programs\apache-tomcat-9.0.56\webapps\host-manager]
18-Jan-2022 23:07:24.372 INFO [main] org.apache.catalina.startup.HostConfig.deployDirectory Deployment of web application directory [D:\Learning_journy\java\Advanced_java\Adv-Learning_programs\apache-tomcat-9.0.56\webapps\host-manager] has finished in [27] ms
18-Jan-2022 23:07:24.372 INFO [main] org.apache.catalina.startup.HostConfig.deployDirectory Deploying web application directory [D:\Learning_journy\java\Advanced_java\Adv-Learning_programs\apache-tomcat-9.0.56\webapps\manager]
18-Jan-2022 23:07:24.413 INFO [main] org.apache.catalina.startup.HostConfig.deployDirectory Deployment of web application directory [D:\Learning_journy\java\Advanced_java\Adv-Learning_programs\apache-tomcat-9.0.56\webapps\manager] has finished in [41] ms
18-Jan-2022 23:07:24.413 INFO [main] org.apache.catalina.startup.HostConfig.deployDirectory Deploying web application directory [D:\Learning_journy\java\Advanced_java\Adv-Learning_programs\apache-tomcat-9.0.56\webapps\myproject]
18-Jan-2022 23:07:24.436 INFO [main] org.apache.catalina.startup.HostConfig.deployDirectory Deployment of web application directory [D:\Learning_journy\java\Advanced_java\Adv-Learning_programs\apache-tomcat-9.0.56\webapps\myproject] has finished in [23] ms
18-Jan-2022 23:07:24.436 INFO [main] org.apache.catalina.startup.HostConfig.deployDirectory Deploying web application directory [D:\Learning_journy\java\Advanced_java\Adv-Learning_programs\apache-tomcat-9.0.56\webapps\Parameter]
18-Jan-2022 23:07:24.468 INFO [main] org.apache.catalina.startup.HostConfig.deployDirectory Deployment of web application directory [D:\Learning_journy\java\Advanced_java\Adv-Learning_programs\apache-tomcat-9.0.56\webapps\Parameter] has finished in [32] ms
18-Jan-2022 23:07:24.468 INFO [main] org.apache.catalina.startup.HostConfig.deployDirectory Deploying web application directory [D:\Learning_journy\java\Advanced_java\Adv-Learning_programs\apache-tomcat-9.0.56\webapps\ROOT]
18-Jan-2022 23:07:24.484 INFO [main] org.apache.catalina.startup.HostConfig.deployDirectory Deployment of web application directory [D:\Learning_journy\java\Advanced_java\Adv-Learning_programs\apache-tomcat-9.0.56\webapps\ROOT] has finished in [16] ms
18-Jan-2022 23:07:24.484 INFO [main] org.apache.catalina.startup.HostConfig.deployDirectory Deploying web application directory [D:\Learning_journy\java\Advanced_java\Adv-Learning_programs\apache-tomcat-9.0.56\webapps\SecondProject]
18-Jan-2022 23:07:24.501 INFO [main] org.apache.catalina.startup.HostConfig.deployDirectory Deployment of web application directory [D:\Learning_journy\java\Advanced_java\Adv-Learning_programs\apache-tomcat-9.0.56\webapps\SecondProject] has finished in [17] ms
18-Jan-2022 23:07:24.501 INFO [main] org.apache.catalina.startup.HostConfig.deployDirectory Deploying web application directory [D:\Learning_journy\java\Advanced_java\Adv-Learning_programs\apache-tomcat-9.0.56\webapps\Store]
18-Jan-2022 23:07:24.748 INFO [main] org.apache.jasper.servlet.TldScanner.scanJars At least one JAR was scanned for TLDs yet contained no TLDs. Enable debug logging for this logger for a complete list of JARs that were scanned but no TLDs were found in them. Skipping unneeded JARs during scanning can improve startup time and JSP compilation time.
18-Jan-2022 23:07:24.748 INFO [main] org.apache.catalina.startup.HostConfig.deployDirectory Deployment of web application directory [D:\Learning_journy\java\Advanced_java\Adv-Learning_programs\apache-tomcat-9.0.56\webapps\Store] has finished in [247] ms
18-Jan-2022 23:07:24.764 INFO [main] org.apache.coyote.AbstractProtocol.start Starting ProtocolHandler ["http-nio-8080"]
18-Jan-2022 23:07:24.838 INFO [main] org.apache.catalina.startup.Catalina.start Server startup in [1314] milliseconds
